 [20:52:47] <@132517228670091264> deleted message: test
S [20:54:49] <@132517228670091264>(wststreet) deleted message: test
S [21:34:02] <@132517228670091264>(wststreet) deleted message: 
S [21:49:23] <@132517228670091264>(wststreet) deleted message: https://www.youtube.com/watch?v=_IiVJk2gVH4
S [21:49:26] <@132517228670091264>(wststreet) deleted message: https://www.youtube.com/watch?v=_IiVJk2gVH4
S [21:55:35] <@132517228670091264>(wststreet) deleted message: test
S [21:55:55] <@307943439356657665>(ZeroFatality) deleted message: im sorry.
S [22:07:33] <@132517228670091264>(wststreet) deleted message: sftp://wststreet@192.168.100.19/home/wststreet/discordbot/debugS.log
S [23:39:14] rainyday made me say "Star is really awesome."
S [23:39:16] <@301249038865530880>(rainyday) deleted message: s:say Star is really awesome.
S [03:39:28] <@172002275412279296>(Tatsumaki) deleted message: **ZeroFatality**, please cool down! (**6** seconds left)
S [03:52:32] <@172002275412279296>(Tatsumaki) deleted message: **cheese**, please cool down! (**1** seconds left)
S [16:05:58] <@132517228670091264>(wststreet) deleted message: 
S [22:00:44] <@82186173455273984>(Schnitzel) deleted message: Pub raiding with another moddie: free kills while everyone freaks out <:plotting:305956660801699842>
S [23:34:48] <@172002275412279296>(Tatsumaki) deleted message: **cheese**, please cool down! (**3** seconds left)
S [23:35:02] <@172002275412279296>(Tatsumaki) deleted message: **cheese**, please cool down! (**2** seconds left)
S [23:35:49] <@172002275412279296>(Tatsumaki) deleted message: **cheese**, please cool down! (**3** seconds left)
S [23:36:18] <@172002275412279296>(Tatsumaki) deleted message: **cheese**, please cool down! (**3** seconds left)
S [23:36:42] <@172002275412279296>(Tatsumaki) deleted message: **cheese**, please cool down! (**1** seconds left)
S [23:37:39] <@172002275412279296>(Tatsumaki) deleted message: **cheese**, please cool down! (**1** seconds left)
S [23:38:05] <@172002275412279296>(Tatsumaki) deleted message: **cheese**, please cool down! (**2** seconds left)
S [23:38:13] <@82186173455273984>(Schnitzel) deleted message: $say cheese calm down
S [23:38:40] Schnitzel made me say "<#304150184093417472> test"
S [23:38:42] <@82186173455273984>(Schnitzel) deleted message: s:say <#304150184093417472> test
S [23:49:20] <@82186173455273984>(Schnitzel) deleted message: s:sslog
S [23:49:22] <@82186173455273984>(Schnitzel) deleted message: s:log
S [23:50:11] <@368038000971743242>(Sensei) deleted message: Command list:
s:help - prints this list
s:ping - shows the bot's latency
s:say - makes the bot say stuff
s:schoolgirllewds - shows a random lewd schoolgirl picture [NSFW]
s:spongebob <text> - genErAteS teXt lIke This
s:train - sends one train emoji
s:tslots - slots game
s:uptime - shows for how long has the bot been running
s:why - asks a why question
S [23:50:14] <@82186173455273984>(Schnitzel) deleted message: s:help
S [00:58:12] <@301249038865530880>(rainyday) deleted message: 
S [08:57:01] <@97158318748884992>(ViVi) deleted message: <:FelixThink:401952387218276352>
S [09:01:16] <@301249038865530880>(rainyday) deleted message: rod*
S [11:02:57] <@159985870458322944>(Mee6) deleted message: GG <@!82186173455273984>, you just advanced to **level 33** !
